<?xml version="1.0" encoding="UTF-8"?>
<!-- Generated by org.testng.reporters.JUnitReportReporter -->
<testsuite skipped="0" hostname="KASHTECH-PC" name="testNG.NewTest" tests="1" failures="0" timestamp="2019-12-09T18:22:31 GMT" time="0.022" errors="0">
  <testcase name="f" time="0.022" classname="testNG.NewTest"/>
</testsuite> <!-- testNG.NewTest -->
