<?xml version="1.0" encoding="UTF-8"?>
<!-- Generated by org.testng.reporters.JUnitReportReporter -->
<testsuite skipped="0" hostname="KASHTECH-PC" name="testNG.PetSM_AddToBasket" tests="1" failures="0" timestamp="2020-02-12T18:04:56 GMT" time="34.656" errors="0">
  <testcase name="f" time="34.656" classname="testNG.PetSM_AddToBasket"/>
</testsuite> <!-- testNG.PetSM_AddToBasket -->
