<?xml version="1.0" encoding="UTF-8"?>
<!-- Generated by org.testng.reporters.JUnitReportReporter -->
<testsuite skipped="0" hostname="KASHTECH-PC" name="testNG.Annotation_2" tests="2" failures="0" timestamp="2019-12-10T18:05:27 GMT" time="0.030" errors="0">
  <testcase name="f" time="0.017" classname="testNG.Annotation_2"/>
  <testcase name="m" time="0.013" classname="testNG.Annotation_2"/>
</testsuite> <!-- testNG.Annotation_2 -->
