<?xml version="1.0" encoding="UTF-8"?>
<!-- Generated by org.testng.reporters.JUnitReportReporter -->
<testsuite skipped="0" hostname="KASHTECH-PC" name="testNG.Annotation_3" tests="2" failures="0" timestamp="2019-12-10T18:16:08 GMT" time="0.043" errors="0">
  <testcase name="f" time="0.009" classname="testNG.Annotation_3"/>
  <testcase name="s" time="0.034" classname="testNG.Annotation_3"/>
</testsuite> <!-- testNG.Annotation_3 -->
