<?xml version="1.0" encoding="UTF-8"?>
<!-- Generated by org.testng.reporters.JUnitReportReporter -->
<testsuite skipped="0" hostname="KASHTECH-PC" name="testNG.CrossBrowserTesting_Dil" tests="3" failures="0" timestamp="2020-01-22T17:57:37 GMT" time="77.813" errors="0">
  <testcase name="f" time="24.134" classname="testNG.CrossBrowserTesting_Dil"/>
  <testcase name="f" time="23.102" classname="testNG.CrossBrowserTesting_Dil"/>
  <testcase name="f" time="30.577" classname="testNG.CrossBrowserTesting_Dil"/>
</testsuite> <!-- testNG.CrossBrowserTesting_Dil -->
