<?xml version="1.0" encoding="UTF-8"?>
<!-- Generated by org.testng.reporters.JUnitReportReporter -->
<testsuite skipped="0" hostname="KASHTECH-PC" name="testNG.CrossBrowserTesting" tests="2" failures="0" timestamp="2020-01-21T22:39:26 GMT" time="15.726" errors="0">
  <testcase name="f" time="7.465" classname="testNG.CrossBrowserTesting"/>
  <testcase name="f" time="8.261" classname="testNG.CrossBrowserTesting"/>
</testsuite> <!-- testNG.CrossBrowserTesting -->
