<?xml version="1.0" encoding="UTF-8"?>
<!-- Generated by org.testng.reporters.JUnitReportReporter -->
<testsuite skipped="1" hostname="KASHTECH-PC" name="testNG.Annotation_1" tests="3" failures="0" timestamp="2019-12-10T17:57:45 GMT" time="0.050" errors="0">
  <testcase name="m" time="0.006" classname="testNG.Annotation_1"/>
  <testcase name="f" time="0.044" classname="testNG.Annotation_1"/>
  <testcase name="a" classname="testNG.Annotation_1">
    <skipped/>
  </testcase> <!-- a -->
</testsuite> <!-- testNG.Annotation_1 -->
