<?xml version="1.0" encoding="UTF-8"?>
<!-- Generated by org.testng.reporters.JUnitReportReporter -->
<testsuite skipped="0" hostname="KASHTECH-PC" name="testNG.PetSuperMarket" tests="1" failures="0" timestamp="2020-02-10T17:59:31 GMT" time="28.742" errors="0">
  <testcase name="f" time="28.742" classname="testNG.PetSuperMarket"/>
</testsuite> <!-- testNG.PetSuperMarket -->
